TN:
SF:src\services\admin\adminAgenciesArchive.ts
FN:10,(anonymous_0)
FN:23,(anonymous_1)
FN:25,(anonymous_2)
FNF:3
FNH:3
FNDA:2,(anonymous_0)
FNDA:1,(anonymous_1)
FNDA:1,(anonymous_2)
DA:10,1
DA:11,2
DA:12,2
DA:13,1
DA:20,1
DA:23,1
DA:25,1
LF:7
LH:7
BRDA:12,0,0,1
BRDA:12,0,1,1
BRF:2
BRH:2
end_of_record
TN:
SF:src\services\admin\adminAgenciesCreate.ts
FN:10,(anonymous_0)
FN:23,(anonymous_1)
FN:25,(anonymous_2)
FNF:3
FNH:3
FNDA:2,(anonymous_0)
FNDA:1,(anonymous_1)
FNDA:1,(anonymous_2)
DA:10,1
DA:11,2
DA:12,2
DA:13,1
DA:20,1
DA:23,1
DA:25,1
LF:7
LH:7
BRDA:12,0,0,1
BRDA:12,0,1,1
BRF:2
BRH:2
end_of_record
TN:
SF:src\services\admin\adminAgenciesHardDelete.ts
FN:10,(anonymous_0)
FN:23,(anonymous_1)
FN:25,(anonymous_2)
FNF:3
FNH:3
FNDA:2,(anonymous_0)
FNDA:1,(anonymous_1)
FNDA:1,(anonymous_2)
DA:10,1
DA:11,2
DA:12,2
DA:13,1
DA:20,1
DA:23,1
DA:25,1
LF:7
LH:7
BRDA:12,0,0,1
BRDA:12,0,1,1
BRF:2
BRH:2
end_of_record
TN:
SF:src\services\admin\adminAgenciesRename.ts
FN:10,(anonymous_0)
FN:23,(anonymous_1)
FN:25,(anonymous_2)
FNF:3
FNH:3
FNDA:2,(anonymous_0)
FNDA:1,(anonymous_1)
FNDA:1,(anonymous_2)
DA:10,1
DA:11,2
DA:12,2
DA:13,1
DA:20,1
DA:23,1
DA:25,1
LF:7
LH:7
BRDA:12,0,0,1
BRDA:12,0,1,1
BRF:2
BRH:2
end_of_record
TN:
SF:src\services\admin\adminAgenciesUnarchive.ts
FN:10,(anonymous_0)
FN:23,(anonymous_1)
FN:25,(anonymous_2)
FNF:3
FNH:3
FNDA:2,(anonymous_0)
FNDA:1,(anonymous_1)
FNDA:1,(anonymous_2)
DA:10,1
DA:11,2
DA:12,2
DA:13,1
DA:20,1
DA:23,1
DA:25,1
LF:7
LH:7
BRDA:12,0,0,1
BRDA:12,0,1,1
BRF:2
BRH:2
end_of_record
TN:
SF:src\services\admin\adminUsersArchive.ts
FN:10,(anonymous_0)
FN:23,(anonymous_1)
FN:25,(anonymous_2)
FNF:3
FNH:3
FNDA:2,(anonymous_0)
FNDA:1,(anonymous_1)
FNDA:1,(anonymous_2)
DA:10,1
DA:11,2
DA:12,2
DA:13,1
DA:20,1
DA:23,1
DA:25,1
LF:7
LH:7
BRDA:12,0,0,1
BRDA:12,0,1,1
BRF:2
BRH:2
end_of_record
TN:
SF:src\services\admin\adminUsersCreate.ts
FN:20,(anonymous_0)
FN:33,(anonymous_1)
FN:35,(anonymous_2)
FNF:3
FNH:3
FNDA:2,(anonymous_0)
FNDA:1,(anonymous_1)
FNDA:1,(anonymous_2)
DA:20,1
DA:21,2
DA:22,2
DA:23,1
DA:30,1
DA:33,1
DA:35,1
LF:7
LH:7
BRDA:22,0,0,1
BRDA:22,0,1,1
BRF:2
BRH:2
end_of_record
TN:
SF:src\services\admin\adminUsersDelete.ts
FN:10,(anonymous_0)
FN:23,(anonymous_1)
FN:25,(anonymous_2)
FNF:3
FNH:3
FNDA:2,(anonymous_0)
FNDA:1,(anonymous_1)
FNDA:1,(anonymous_2)
DA:10,1
DA:11,2
DA:12,2
DA:13,1
DA:20,1
DA:23,1
DA:25,1
LF:7
LH:7
BRDA:12,0,0,1
BRDA:12,0,1,1
BRF:2
BRH:2
end_of_record
TN:
SF:src\services\admin\adminUsersResetPassword.ts
FN:10,(anonymous_0)
FN:23,(anonymous_1)
FN:25,(anonymous_2)
FNF:3
FNH:3
FNDA:2,(anonymous_0)
FNDA:1,(anonymous_1)
FNDA:1,(anonymous_2)
DA:10,1
DA:11,2
DA:12,2
DA:13,1
DA:20,1
DA:23,1
DA:25,1
LF:7
LH:7
BRDA:12,0,0,1
BRDA:12,0,1,1
BRF:2
BRH:2
end_of_record
TN:
SF:src\services\admin\adminUsersSetMemberships.ts
FN:12,(anonymous_0)
FN:25,(anonymous_1)
FN:31,(anonymous_2)
FNF:3
FNH:3
FNDA:2,(anonymous_0)
FNDA:1,(anonymous_1)
FNDA:1,(anonymous_2)
DA:12,1
DA:13,2
DA:14,2
DA:15,1
DA:22,1
DA:25,1
DA:28,1
DA:31,1
LF:8
LH:8
BRDA:14,0,0,1
BRDA:14,0,1,1
BRDA:28,1,0,1
BRF:3
BRH:3
end_of_record
TN:
SF:src\services\admin\adminUsersSetRole.ts
FN:11,(anonymous_0)
FN:24,(anonymous_1)
FN:26,(anonymous_2)
FNF:3
FNH:3
FNDA:2,(anonymous_0)
FNDA:1,(anonymous_1)
FNDA:1,(anonymous_2)
DA:11,1
DA:12,2
DA:13,2
DA:14,1
DA:21,1
DA:24,1
DA:26,1
LF:7
LH:7
BRDA:13,0,0,1
BRDA:13,0,1,1
BRF:2
BRH:2
end_of_record
TN:
SF:src\services\admin\adminUsersUnarchive.ts
FN:10,(anonymous_0)
FN:23,(anonymous_1)
FN:25,(anonymous_2)
FNF:3
FNH:3
FNDA:2,(anonymous_0)
FNDA:1,(anonymous_1)
FNDA:1,(anonymous_2)
DA:10,1
DA:11,2
DA:12,2
DA:13,1
DA:20,1
DA:23,1
DA:25,1
LF:7
LH:7
BRDA:12,0,0,1
BRDA:12,0,1,1
BRF:2
BRH:2
end_of_record
TN:
SF:src\services\admin\adminUsersUpdateIdentity.ts
FN:17,(anonymous_0)
FN:30,(anonymous_1)
FN:32,(anonymous_2)
FNF:3
FNH:3
FNDA:2,(anonymous_0)
FNDA:1,(anonymous_1)
FNDA:1,(anonymous_2)
DA:17,1
DA:18,2
DA:19,2
DA:20,1
DA:27,1
DA:30,1
DA:32,1
LF:7
LH:7
BRDA:19,0,0,1
BRDA:19,0,1,1
BRF:2
BRH:2
end_of_record
TN:
SF:src\services\admin\getAdminUsers.ts
FN:25,(anonymous_0)
FN:31,(anonymous_1)
FN:41,(anonymous_2)
FN:46,(anonymous_3)
FN:80,(anonymous_4)
FN:93,(anonymous_5)
FN:104,(anonymous_6)
FN:114,(anonymous_7)
FN:114,(anonymous_8)
FN:121,(anonymous_9)
FN:121,(anonymous_10)
FNF:11
FNH:11
FNDA:2,(anonymous_0)
FNDA:1,(anonymous_1)
FNDA:1,(anonymous_2)
FNDA:3,(anonymous_3)
FNDA:1,(anonymous_4)
FNDA:1,(anonymous_5)
FNDA:3,(anonymous_6)
FNDA:1,(anonymous_7)
FNDA:1,(anonymous_8)
FNDA:3,(anonymous_9)
FNDA:2,(anonymous_10)
DA:22,1
DA:23,1
DA:25,1
DA:26,2
DA:27,2
DA:28,2
DA:31,1
DA:32,1
DA:33,1
DA:34,1
DA:35,1
DA:41,1
DA:42,1
DA:43,1
DA:46,1
DA:47,3
DA:48,3
DA:53,3
DA:54,1
DA:57,2
DA:60,3
DA:61,1
DA:68,1
DA:72,1
DA:73,0
DA:80,1
DA:81,1
DA:82,1
DA:83,1
DA:93,1
DA:94,1
DA:95,1
DA:96,1
DA:97,1
DA:98,1
DA:99,1
DA:100,1
DA:101,1
DA:104,1
DA:105,3
DA:106,3
DA:111,2
DA:113,2
DA:114,2
DA:115,1
DA:116,1
DA:117,1
DA:118,1
DA:121,3
LF:49
LH:48
BRDA:26,0,0,0
BRDA:26,0,1,2
BRDA:28,1,0,2
BRDA:28,1,1,0
BRDA:33,2,0,0
BRDA:33,2,1,1
BRDA:36,3,0,1
BRDA:36,3,1,0
BRDA:37,4,0,1
BRDA:37,4,1,0
BRDA:42,5,0,1
BRDA:42,5,1,1
BRDA:43,6,0,1
BRDA:43,6,1,0
BRDA:43,6,2,0
BRDA:53,7,0,1
BRDA:53,7,1,2
BRDA:54,8,0,1
BRDA:54,8,1,0
BRDA:57,9,0,2
BRDA:57,9,1,1
BRDA:57,9,2,1
BRDA:60,10,0,1
BRDA:60,10,1,2
BRDA:72,11,0,0
BRDA:72,11,1,1
BRDA:80,12,0,1
BRDA:80,12,1,0
BRDA:94,13,0,0
BRDA:94,13,1,1
BRDA:97,14,0,0
BRDA:97,14,1,1
BRDA:97,15,0,1
BRDA:97,15,1,1
BRDA:99,16,0,1
BRDA:99,16,1,0
BRDA:100,17,0,1
BRDA:100,17,1,0
BRDA:101,18,0,1
BRDA:101,18,1,0
BRDA:101,19,0,1
BRDA:101,19,1,1
BRDA:111,20,0,0
BRDA:111,20,1,2
BRDA:114,21,0,2
BRDA:114,21,1,0
BRDA:115,22,0,0
BRDA:115,22,1,1
BRDA:116,23,0,1
BRDA:116,23,1,1
BRDA:130,24,0,2
BRDA:130,24,1,1
BRF:52
BRH:34
end_of_record
TN:
SF:src\services\admin\getAuditLogs.ts
FN:8,(anonymous_0)
FN:17,(anonymous_1)
FN:25,(anonymous_2)
FN:49,(anonymous_3)
FN:60,(anonymous_4)
FNF:5
FNH:5
FNDA:1,(anonymous_0)
FNDA:1,(anonymous_1)
FNDA:2,(anonymous_2)
FNDA:2,(anonymous_3)
FNDA:2,(anonymous_4)
DA:8,1
DA:9,1
DA:10,1
DA:11,1
DA:12,1
DA:13,1
DA:14,1
DA:17,1
DA:18,1
DA:19,1
DA:20,1
DA:21,1
DA:22,1
DA:25,1
DA:26,2
DA:27,2
DA:28,2
DA:29,2
DA:30,2
DA:31,2
DA:32,2
DA:34,1
DA:49,1
DA:50,2
DA:51,2
DA:52,2
DA:53,2
DA:54,2
DA:55,2
DA:56,2
DA:58,2
DA:59,2
DA:60,2
LF:33
LH:33
BRDA:9,0,0,0
BRDA:9,0,1,1
BRDA:12,1,0,0
BRDA:12,1,1,1
BRDA:12,2,0,1
BRDA:12,2,1,1
BRDA:18,3,0,0
BRDA:18,3,1,1
BRDA:21,4,0,0
BRDA:21,4,1,1
BRDA:21,5,0,1
BRDA:21,5,1,1
BRDA:26,6,0,0
BRDA:26,6,1,2
BRDA:32,7,0,1
BRDA:32,7,1,1
BRDA:32,8,0,2
BRDA:32,8,1,1
BRDA:32,8,2,1
BRDA:32,8,3,1
BRDA:32,8,4,1
BRDA:42,9,0,1
BRDA:42,9,1,0
BRDA:49,10,0,2
BRDA:51,11,0,2
BRDA:51,11,1,1
BRDA:52,12,0,1
BRDA:52,12,1,1
BRDA:53,13,0,1
BRDA:53,13,1,1
BRDA:54,14,0,1
BRDA:54,14,1,1
BRDA:55,15,0,1
BRDA:55,15,1,1
BRDA:56,16,0,1
BRDA:56,16,1,1
BRDA:59,17,0,1
BRDA:59,17,1,1
BRDA:60,18,0,1
BRDA:60,18,1,0
BRF:40
BRH:33
end_of_record
TN:
SF:src\services\agency\getActiveAgencyContext.ts
FN:10,(anonymous_0)
FN:16,(anonymous_1)
FNF:2
FNH:2
FNDA:7,(anonymous_0)
FNDA:6,(anonymous_1)
DA:6,2
DA:7,2
DA:8,2
DA:10,2
DA:11,7
DA:12,7
DA:13,7
DA:16,2
DA:17,6
DA:19,6
DA:24,2
DA:27,4
DA:29,4
DA:33,6
DA:34,1
DA:41,3
DA:46,3
DA:47,3
DA:48,3
DA:49,3
LF:20
LH:20
BRDA:11,0,0,0
BRDA:11,0,1,7
BRDA:19,1,0,2
BRDA:19,1,1,4
BRDA:20,2,0,6
BRDA:20,2,1,2
BRDA:20,2,2,2
BRDA:20,2,3,2
BRDA:29,3,0,4
BRDA:29,3,1,1
BRDA:29,3,2,3
BRDA:33,4,0,1
BRDA:33,4,1,5
BRF:13
BRH:12
end_of_record
TN:
SF:src\services\agency\getActiveAgencyId.ts
FN:3,(anonymous_0)
FNF:1
FNH:1
FNDA:1,(anonymous_0)
DA:3,2
DA:4,1
DA:5,1
LF:3
LH:3
BRF:0
BRH:0
end_of_record
TN:
SF:src\services\agency\getAgencies.ts
FN:5,(anonymous_0)
FNF:1
FNH:1
FNDA:1,(anonymous_0)
DA:5,1
DA:6,1
DA:8,1
DA:13,1
DA:14,1
DA:17,1
DA:19,1
DA:20,0
DA:27,1
LF:9
LH:8
BRDA:5,0,0,1
BRDA:13,1,0,1
BRDA:13,1,1,0
BRDA:19,2,0,0
BRDA:19,2,1,1
BRDA:27,3,0,1
BRDA:27,3,1,0
BRF:7
BRH:4
end_of_record
TN:
SF:src\services\agency\getAgencyMemberships.ts
FN:13,(anonymous_0)
FN:25,(anonymous_1)
FN:33,(anonymous_2)
FN:36,(anonymous_3)
FN:36,(anonymous_4)
FN:36,(anonymous_5)
FNF:6
FNH:6
FNDA:3,(anonymous_0)
FNDA:5,(anonymous_1)
FNDA:3,(anonymous_2)
FNDA:2,(anonymous_3)
FNDA:2,(anonymous_4)
FNDA:2,(anonymous_5)
DA:10,2
DA:11,2
DA:13,2
DA:14,3
DA:15,3
DA:16,3
DA:17,2
DA:18,2
DA:19,2
DA:20,2
DA:21,2
DA:22,2
DA:25,2
DA:26,5
DA:27,5
DA:28,5
DA:30,4
DA:31,4
DA:33,3
DA:34,5
DA:36,2
DA:37,2
DA:39,2
DA:40,2
DA:41,2
LF:25
LH:25
BRDA:14,0,0,0
BRDA:14,0,1,3
BRDA:16,1,0,1
BRDA:16,1,1,2
BRDA:18,2,0,0
BRDA:18,2,1,2
BRDA:21,3,0,0
BRDA:21,3,1,2
BRDA:21,4,0,2
BRDA:21,4,1,2
BRDA:25,5,0,5
BRDA:28,6,0,1
BRDA:28,6,1,4
BRDA:28,7,0,5
BRDA:28,7,1,4
BRDA:31,8,0,1
BRDA:31,8,1,3
BRDA:33,9,0,3
BRDA:33,9,1,0
BRDA:34,10,0,1
BRDA:34,10,1,4
BRDA:34,11,0,5
BRDA:34,11,1,2
BRDA:36,12,0,2
BRDA:36,12,1,0
BRDA:37,13,0,0
BRDA:37,13,1,2
BRDA:37,14,0,2
BRDA:37,14,1,1
BRF:29
BRH:23
end_of_record
TN:
SF:src\services\agency\getProfileActiveAgencyId.ts
FN:5,(anonymous_0)
FNF:1
FNH:1
FNDA:2,(anonymous_0)
DA:5,1
DA:6,2
DA:7,2
DA:9,2
DA:15,2
DA:16,1
DA:19,1
LF:7
LH:7
BRDA:15,0,0,1
BRDA:15,0,1,1
BRDA:19,1,0,1
BRDA:19,1,1,0
BRF:4
BRH:3
end_of_record
TN:
SF:src\services\agency\setProfileActiveAgencyId.ts
FN:10,(anonymous_0)
FN:12,(anonymous_1)
FN:25,(anonymous_2)
FNF:3
FNH:3
FNDA:2,(anonymous_0)
FNDA:2,(anonymous_1)
FNDA:1,(anonymous_2)
DA:10,2
DA:13,2
DA:14,2
DA:16,2
DA:21,2
DA:22,1
DA:25,1
LF:7
LH:7
BRDA:21,0,0,1
BRDA:21,0,1,1
BRF:2
BRH:2
end_of_record
TN:
SF:src\services\api\rpcClient.ts
FN:24,(anonymous_0)
FN:25,(anonymous_1)
FNF:2
FNH:2
FNDA:35,(anonymous_0)
FNDA:2,(anonymous_1)
DA:24,5
DA:25,35
DA:26,2
DA:27,2
DA:30,5
LF:5
LH:5
BRF:0
BRH:0
end_of_record
TN:
SF:src\services\api\safeRpc.ts
FN:14,(anonymous_0)
FN:32,(anonymous_1)
FN:50,(anonymous_2)
FNF:3
FNH:3
FNDA:7,(anonymous_0)
FNDA:7,(anonymous_1)
FNDA:2,(anonymous_2)
DA:14,2
DA:17,7
DA:20,7
DA:21,7
DA:23,3
DA:24,1
DA:26,2
DA:29,4
DA:32,2
DA:36,7
DA:37,4
DA:38,1
DA:44,3
DA:45,1
DA:47,2
DA:50,2
DA:53,2
LF:17
LH:17
BRDA:23,0,0,1
BRDA:23,0,1,2
BRDA:37,1,0,1
BRDA:37,1,1,3
BRDA:44,2,0,1
BRDA:44,2,1,2
BRF:6
BRH:6
end_of_record
TN:
SF:src\services\api\trpcClient.ts
FN:10,(anonymous_0)
FN:22,(anonymous_1)
FN:30,(anonymous_2)
FN:33,(anonymous_3)
FN:41,(anonymous_4)
FN:57,(anonymous_5)
FN:72,(anonymous_6)
FN:82,(anonymous_7)
FN:93,(anonymous_8)
FN:104,(anonymous_9)
FN:113,(anonymous_10)
FN:122,(anonymous_11)
FN:140,(anonymous_12)
FN:149,(anonymous_13)
FNF:14
FNH:12
FNDA:3,(anonymous_0)
FNDA:2,(anonymous_1)
FNDA:2,(anonymous_2)
FNDA:2,(anonymous_3)
FNDA:2,(anonymous_4)
FNDA:2,(anonymous_5)
FNDA:0,(anonymous_6)
FNDA:1,(anonymous_7)
FNDA:2,(anonymous_8)
FNDA:3,(anonymous_9)
FNDA:2,(anonymous_10)
FNDA:1,(anonymous_11)
FNDA:3,(anonymous_12)
FNDA:0,(anonymous_13)
DA:8,7
DA:10,7
DA:11,3
DA:12,3
DA:13,1
DA:19,2
DA:22,7
DA:23,2
DA:24,2
DA:25,0
DA:27,2
DA:30,7
DA:31,2
DA:33,7
DA:34,2
DA:35,0
DA:37,2
DA:38,2
DA:41,7
DA:42,2
DA:43,2
DA:44,2
DA:46,2
DA:47,2
DA:48,1
DA:49,1
DA:50,1
DA:54,2
DA:57,7
DA:58,2
DA:59,0
DA:62,2
DA:63,2
DA:64,1
DA:67,1
DA:68,0
DA:70,1
DA:71,0
DA:73,0
DA:78,0
DA:80,1
DA:81,1
DA:82,1
DA:83,1
DA:84,1
DA:87,1
DA:90,0
DA:93,7
DA:94,2
DA:95,2
DA:96,2
DA:97,2
DA:99,2
DA:102,7
DA:104,7
DA:105,3
DA:106,0
DA:109,3
DA:114,2
DA:115,2
DA:116,2
DA:117,2
DA:120,2
DA:121,2
DA:122,2
DA:123,1
DA:127,2
DA:128,2
DA:131,2
DA:137,3
DA:140,7
DA:145,3
DA:149,7
DA:152,0
DA:153,0
DA:155,0
LF:76
LH:64
BRDA:12,0,0,1
BRDA:12,0,1,2
BRDA:24,1,0,0
BRDA:24,1,1,2
BRDA:31,2,0,0
BRDA:31,2,1,2
BRDA:34,3,0,0
BRDA:34,3,1,2
BRDA:46,4,0,2
BRDA:46,4,1,2
BRDA:47,5,0,1
BRDA:47,5,1,1
BRDA:49,6,0,1
BRDA:49,6,1,0
BRDA:54,7,0,2
BRDA:54,7,1,0
BRDA:58,8,0,0
BRDA:58,8,1,2
BRDA:63,9,0,1
BRDA:63,9,1,1
BRDA:67,10,0,0
BRDA:67,10,1,1
BRDA:70,11,0,0
BRDA:70,11,1,1
BRDA:73,12,0,0
BRDA:73,12,1,0
BRDA:73,12,2,0
BRDA:73,12,3,0
BRDA:80,13,0,1
BRDA:80,13,1,0
BRDA:83,14,0,1
BRDA:83,14,1,0
BRDA:96,15,0,2
BRDA:96,15,1,0
BRDA:105,16,0,0
BRDA:105,16,1,3
BRDA:116,17,0,2
BRDA:116,17,1,0
BRDA:127,18,0,2
BRDA:127,18,1,0
BRDA:146,19,0,1
BRDA:146,19,1,1
BRF:42
BRH:24
end_of_record
TN:
SF:src\services\auth\getCurrentUserId.ts
FN:5,(anonymous_0)
FNF:1
FNH:1
FNDA:6,(anonymous_0)
DA:5,2
DA:6,6
DA:7,6
DA:8,6
DA:9,1
DA:11,5
DA:12,1
DA:18,4
LF:8
LH:8
BRDA:8,0,0,1
BRDA:8,0,1,5
BRDA:11,1,0,1
BRDA:11,1,1,4
BRF:4
BRH:4
end_of_record
TN:
SF:src\services\auth\getCurrentUserLabel.ts
FN:9,(anonymous_0)
FNF:1
FNH:1
FNDA:3,(anonymous_0)
DA:7,1
DA:9,1
DA:10,3
DA:11,3
DA:12,3
DA:13,1
DA:16,2
DA:22,2
DA:23,1
DA:24,1
DA:25,1
DA:26,1
DA:27,1
DA:30,1
DA:31,3
DA:32,3
DA:33,3
LF:17
LH:17
BRDA:12,0,0,1
BRDA:12,0,1,2
BRDA:12,1,0,3
BRDA:12,1,1,2
BRDA:22,2,0,1
BRDA:22,2,1,1
BRDA:30,3,0,1
BRDA:30,3,1,0
BRDA:30,3,2,0
BRDA:31,4,0,1
BRDA:31,4,1,0
BRF:11
BRH:8
end_of_record
TN:
SF:src\services\auth\getProfile.ts
FN:10,getProfile
FNF:1
FNH:1
FNDA:3,getProfile
DA:11,3
DA:12,3
DA:13,3
DA:14,3
DA:16,2
DA:17,2
DA:18,1
DA:19,0
DA:22,1
DA:23,1
LF:10
LH:9
BRDA:13,0,0,0
BRDA:13,0,1,3
BRDA:14,1,0,1
BRDA:14,1,1,2
BRDA:17,2,0,1
BRDA:17,2,1,1
BRDA:17,3,0,2
BRDA:17,3,1,1
BRDA:18,4,0,1
BRDA:18,4,1,0
BRDA:22,5,0,0
BRDA:22,5,1,1
BRF:12
BRH:9
end_of_record
TN:
SF:src\services\auth\getSession.ts
FN:6,(anonymous_0)
FNF:1
FNH:1
FNDA:2,(anonymous_0)
DA:6,1
DA:7,2
DA:8,2
DA:9,2
DA:10,1
DA:12,1
LF:6
LH:6
BRDA:9,0,0,1
BRDA:9,0,1,1
BRDA:12,1,0,1
BRDA:12,1,1,0
BRF:4
BRH:3
end_of_record
TN:
SF:src\services\auth\onAuthStateChange.ts
FN:5,(anonymous_0)
FN:9,(anonymous_1)
FNF:2
FNH:2
FNDA:1,(anonymous_0)
FNDA:1,(anonymous_1)
DA:5,1
DA:8,1
DA:9,1
DA:10,1
DA:12,1
LF:5
LH:5
BRF:0
BRH:0
end_of_record
TN:
SF:src\services\auth\setProfilePasswordChanged.ts
FN:3,(anonymous_0)
FN:5,setProfilePasswordChanged
FN:7,(anonymous_2)
FNF:3
FNH:2
FNDA:1,(anonymous_0)
FNDA:1,setProfilePasswordChanged
FNDA:0,(anonymous_2)
DA:3,1
DA:6,1
DA:7,0
LF:3
LH:2
BRF:0
BRH:0
end_of_record
TN:
SF:src\services\auth\signInWithPassword.ts
FN:12,(anonymous_0)
FNF:1
FNH:1
FNDA:3,(anonymous_0)
DA:12,1
DA:13,3
DA:14,3
DA:15,3
DA:16,1
DA:18,2
DA:19,1
DA:25,1
LF:8
LH:8
BRDA:15,0,0,1
BRDA:15,0,1,2
BRDA:18,1,0,1
BRDA:18,1,1,1
BRF:4
BRH:4
end_of_record
TN:
SF:src\services\auth\signOut.ts
FN:4,(anonymous_0)
FNF:1
FNH:1
FNDA:2,(anonymous_0)
DA:4,1
DA:5,2
DA:6,2
DA:7,2
DA:8,1
LF:5
LH:5
BRDA:7,0,0,1
BRDA:7,0,1,1
BRF:2
BRH:2
end_of_record
TN:
SF:src\services\auth\updateUserPassword.ts
FN:4,updateUserPassword
FNF:1
FNH:1
FNDA:1,updateUserPassword
DA:5,1
DA:7,1
DA:9,1
DA:10,0
LF:4
LH:3
BRDA:9,0,0,0
BRDA:9,0,1,1
BRF:2
BRH:1
end_of_record
TN:
SF:src\services\entities\convertEntityToClient.ts
FN:14,(anonymous_0)
FN:27,(anonymous_1)
FN:29,(anonymous_2)
FNF:3
FNH:3
FNDA:2,(anonymous_0)
FNDA:1,(anonymous_1)
FNDA:1,(anonymous_2)
DA:14,1
DA:15,2
DA:16,2
DA:17,1
DA:24,1
DA:27,1
DA:29,1
LF:7
LH:7
BRDA:16,0,0,1
BRDA:16,0,1,1
BRF:2
BRH:2
end_of_record
TN:
SF:src\services\entities\deleteEntityContact.ts
FN:6,(anonymous_0)
FN:8,(anonymous_1)
FN:10,(anonymous_2)
FNF:3
FNH:3
FNDA:1,(anonymous_0)
FNDA:1,(anonymous_1)
FNDA:1,(anonymous_2)
DA:6,1
DA:8,1
DA:10,1
LF:3
LH:3
BRF:0
BRH:0
end_of_record
TN:
SF:src\services\entities\getEntityContacts.ts
FN:5,(anonymous_0)
FNF:1
FNH:1
FNDA:3,(anonymous_0)
DA:5,1
DA:9,3
DA:10,3
DA:16,3
DA:18,3
DA:20,3
DA:21,1
DA:28,2
LF:8
LH:8
BRDA:7,0,0,3
BRDA:16,1,0,1
BRDA:16,1,1,2
BRDA:20,2,0,1
BRDA:20,2,1,2
BRDA:28,3,0,2
BRDA:28,3,1,0
BRF:7
BRH:6
end_of_record
TN:
SF:src\services\entities\getEntitySearchIndex.ts
FN:10,(anonymous_0)
FNF:1
FNH:1
FNDA:4,(anonymous_0)
DA:10,1
DA:14,4
DA:15,1
DA:18,3
DA:20,3
DA:25,3
DA:27,3
DA:31,4
DA:36,4
DA:43,4
DA:48,3
DA:49,1
DA:56,2
DA:57,1
DA:64,1
LF:15
LH:15
BRDA:12,0,0,4
BRDA:14,1,0,1
BRDA:14,1,1,3
BRDA:27,2,0,0
BRDA:27,2,1,3
BRDA:36,3,0,0
BRDA:36,3,1,3
BRDA:48,4,0,1
BRDA:48,4,1,2
BRDA:56,5,0,1
BRDA:56,5,1,1
BRDA:64,6,0,1
BRDA:64,6,1,0
BRDA:64,7,0,4
BRDA:64,7,1,0
BRF:15
BRH:11
end_of_record
TN:
SF:src\services\entities\getProspects.ts
FN:11,(anonymous_0)
FNF:1
FNH:1
FNDA:3,(anonymous_0)
DA:11,1
DA:12,3
DA:13,3
DA:15,3
DA:21,3
DA:22,2
DA:25,3
DA:26,1
DA:27,2
DA:28,1
DA:31,3
DA:33,3
DA:34,1
DA:41,2
LF:14
LH:14
BRDA:11,0,0,3
BRDA:13,1,0,3
BRDA:13,2,0,3
BRDA:21,3,0,2
BRDA:21,3,1,1
BRDA:25,4,0,1
BRDA:25,4,1,2
BRDA:27,5,0,1
BRDA:27,5,1,1
BRDA:33,6,0,1
BRDA:33,6,1,2
BRDA:41,7,0,2
BRDA:41,7,1,0
BRF:13
BRH:12
end_of_record
TN:
SF:src\services\entities\reassignEntity.ts
FN:21,(anonymous_0)
FN:35,(anonymous_1)
FN:39,(anonymous_2)
FNF:3
FNH:3
FNDA:3,(anonymous_0)
FNDA:1,(anonymous_1)
FNDA:1,(anonymous_2)
DA:21,1
DA:22,3
DA:23,3
DA:24,2
DA:31,1
DA:32,1
DA:35,1
DA:36,1
DA:39,1
LF:9
LH:9
BRDA:23,0,0,2
BRDA:23,0,1,1
BRF:2
BRH:2
end_of_record
TN:
SF:src\services\entities\saveEntity.ts
FN:23,(anonymous_0)
FN:36,(anonymous_1)
FN:38,(anonymous_2)
FNF:3
FNH:3
FNDA:2,(anonymous_0)
FNDA:2,(anonymous_1)
FNDA:2,(anonymous_2)
DA:23,1
DA:24,2
DA:25,2
DA:26,1
DA:33,1
DA:36,2
DA:38,2
LF:7
LH:7
BRDA:25,0,0,1
BRDA:25,0,1,1
BRDA:42,1,0,1
BRDA:42,1,1,1
BRDA:46,2,0,2
BRDA:46,2,1,1
BRDA:53,3,0,1
BRDA:53,3,1,1
BRF:8
BRH:8
end_of_record
TN:
SF:src\services\entities\saveEntityContact.ts
FN:19,(anonymous_0)
FN:32,(anonymous_1)
FN:34,(anonymous_2)
FNF:3
FNH:3
FNDA:2,(anonymous_0)
FNDA:1,(anonymous_1)
FNDA:1,(anonymous_2)
DA:19,1
DA:20,2
DA:21,2
DA:22,1
DA:29,1
DA:32,1
DA:34,1
LF:7
LH:7
BRDA:21,0,0,1
BRDA:21,0,1,1
BRDA:21,1,0,2
BRDA:21,1,1,1
BRDA:26,2,0,0
BRDA:26,2,1,1
BRF:6
BRH:5
end_of_record
TN:
SF:src\services\errors\AppError.ts
FN:13,(anonymous_0)
FN:39,(anonymous_1)
FNF:2
FNH:2
FNDA:109,(anonymous_0)
FNDA:34,(anonymous_1)
DA:13,38
DA:14,109
DA:15,109
DA:16,109
DA:17,109
DA:18,109
DA:19,109
DA:26,109
DA:39,38
DA:40,34
DA:41,33
LF:11
LH:11
BRDA:15,0,0,109
BRDA:15,0,1,104
BRDA:15,0,2,1
BRDA:15,0,3,0
BRDA:16,1,0,109
BRDA:16,1,1,104
BRDA:16,1,2,13
BRDA:17,2,0,109
BRDA:17,2,1,104
BRDA:17,2,2,13
BRDA:18,3,0,109
BRDA:18,3,1,109
BRDA:19,4,0,109
BRDA:19,4,1,104
BRDA:29,5,0,109
BRDA:29,5,1,0
BRDA:29,5,2,0
BRDA:35,6,0,109
BRDA:35,6,1,1
BRDA:40,7,0,1
BRDA:40,7,1,33
BRDA:40,8,0,34
BRDA:40,8,1,33
BRDA:41,9,0,33
BRDA:41,9,1,19
BRF:25
BRH:22
end_of_record
TN:
SF:src\services\errors\handleUiError.ts
FN:8,(anonymous_0)
FNF:1
FNH:1
FNDA:1,(anonymous_0)
DA:8,3
DA:13,1
DA:14,1
DA:15,1
DA:16,1
LF:5
LH:5
BRDA:13,0,0,0
BRDA:13,0,1,1
BRF:2
BRH:1
end_of_record
TN:
SF:src\services\errors\mapAdminDomainError.ts
FN:48,(anonymous_0)
FNF:1
FNH:1
FNDA:7,(anonymous_0)
DA:19,1
DA:37,1
DA:48,1
DA:52,7
DA:53,7
DA:55,3
LF:6
LH:6
BRDA:53,0,0,4
BRDA:53,0,1,3
BRDA:59,1,0,3
BRDA:59,1,1,0
BRDA:60,2,0,7
BRDA:60,2,1,0
BRF:6
BRH:4
end_of_record
TN:
SF:src\services\errors\mapDataDomainError.ts
FN:45,(anonymous_0)
FNF:1
FNH:0
FNDA:0,(anonymous_0)
DA:20,0
DA:33,0
DA:45,0
DA:49,0
DA:50,0
DA:52,0
LF:6
LH:0
BRDA:50,0,0,0
BRDA:50,0,1,0
BRDA:56,1,0,0
BRDA:56,1,1,0
BRDA:57,2,0,0
BRDA:57,2,1,0
BRF:6
BRH:0
end_of_record
TN:
SF:src\services\errors\mapEdgeError.ts
FN:4,(anonymous_0)
FN:6,(anonymous_1)
FNF:2
FNH:2
FNDA:3,(anonymous_0)
FNDA:18,(anonymous_1)
DA:4,6
DA:6,6
DA:7,18
DA:8,18
DA:9,18
DA:10,18
DA:12,18
LF:7
LH:7
BRDA:8,0,0,3
BRDA:8,0,1,15
BRDA:10,1,0,3
BRDA:10,1,1,15
BRDA:10,2,0,18
BRDA:10,2,1,3
BRDA:10,3,0,15
BRDA:10,3,1,3
BRDA:10,4,0,13
BRDA:10,4,1,2
BRDA:12,5,0,18
BRDA:12,5,1,15
BRF:12
BRH:12
end_of_record
TN:
SF:src\services\errors\mapPostgrestError.ts
FN:13,(anonymous_0)
FNF:1
FNH:1
FNDA:4,(anonymous_0)
DA:13,7
DA:17,4
DA:19,4
DA:23,4
DA:24,0
DA:34,4
DA:35,1
DA:45,3
DA:46,1
DA:56,2
DA:57,1
DA:67,1
DA:68,0
DA:78,1
DA:79,0
DA:90,1
LF:16
LH:13
BRDA:17,0,0,4
BRDA:17,0,1,0
BRDA:19,1,0,3
BRDA:19,1,1,1
BRDA:23,2,0,0
BRDA:23,2,1,4
BRDA:34,3,0,1
BRDA:34,3,1,3
BRDA:45,4,0,1
BRDA:45,4,1,2
BRDA:56,5,0,1
BRDA:56,5,1,1
BRDA:67,6,0,0
BRDA:67,6,1,1
BRDA:78,7,0,0
BRDA:78,7,1,1
BRDA:78,8,0,1
BRDA:78,8,1,1
BRDA:80,9,0,0
BRDA:80,9,1,0
BRDA:91,10,0,1
BRDA:91,10,1,0
BRF:22
BRH:15
end_of_record
TN:
SF:src\services\errors\mapSettingsDomainError.ts
FN:26,(anonymous_0)
FNF:1
FNH:1
FNDA:3,(anonymous_0)
DA:11,2
DA:21,2
DA:26,2
DA:30,3
DA:32,3
DA:33,1
DA:42,2
DA:44,1
LF:8
LH:8
BRDA:32,0,0,1
BRDA:32,0,1,2
BRDA:38,1,0,1
BRDA:38,1,1,0
BRDA:42,2,0,1
BRDA:42,2,1,1
BRDA:48,3,0,1
BRDA:48,3,1,0
BRDA:49,4,0,3
BRDA:49,4,1,0
BRF:10
BRH:7
end_of_record
TN:
SF:src\services\errors\mapSupabaseAuthError.ts
FN:44,(anonymous_0)
FN:46,(anonymous_1)
FNF:2
FNH:2
FNDA:7,(anonymous_0)
FNDA:7,(anonymous_1)
DA:5,7
DA:44,7
DA:46,7
DA:47,7
DA:48,7
DA:49,7
DA:51,7
DA:52,2
DA:62,5
DA:67,1
DA:77,4
DA:78,1
DA:88,3
DA:89,2
DA:99,1
LF:15
LH:15
BRDA:44,0,0,7
BRDA:44,0,1,0
BRDA:46,1,0,7
BRDA:47,2,0,3
BRDA:47,2,1,4
BRDA:48,3,0,7
BRDA:48,3,1,0
BRDA:51,4,0,2
BRDA:51,4,1,5
BRDA:62,5,0,1
BRDA:62,5,1,4
BRDA:63,6,0,5
BRDA:63,6,1,4
BRDA:63,6,2,4
BRDA:77,7,0,1
BRDA:77,7,1,3
BRDA:77,8,0,4
BRDA:77,8,1,3
BRDA:88,9,0,2
BRDA:88,9,1,1
BRDA:88,10,0,3
BRDA:88,10,1,1
BRF:22
BRH:20
end_of_record
TN:
SF:src\services\errors\mapTrpcError.ts
FN:17,(anonymous_0)
FN:18,(anonymous_1)
FN:23,(anonymous_2)
FN:28,(anonymous_3)
FNF:4
FNH:4
FNDA:1,(anonymous_0)
FNDA:4,(anonymous_1)
FNDA:6,(anonymous_2)
FNDA:7,(anonymous_3)
DA:6,6
DA:17,6
DA:18,6
DA:19,4
DA:20,4
DA:23,6
DA:24,6
DA:25,6
DA:28,6
DA:29,7
DA:30,4
DA:31,4
DA:32,3
DA:41,1
DA:50,0
DA:58,3
DA:59,7
DA:60,7
DA:61,7
DA:62,7
DA:64,7
DA:65,7
DA:66,7
DA:67,7
DA:69,7
DA:73,7
LF:26
LH:25
BRDA:20,0,0,4
BRDA:20,0,1,2
BRDA:20,0,2,1
BRDA:25,1,0,6
BRDA:25,1,1,0
BRDA:29,2,0,4
BRDA:29,2,1,3
BRDA:30,3,0,4
BRDA:30,3,1,0
BRDA:31,4,0,3
BRDA:31,4,1,1
BRDA:58,5,0,3
BRDA:58,5,1,0
BRDA:59,6,0,3
BRDA:59,6,1,0
BRDA:60,7,0,3
BRDA:60,7,1,0
BRDA:61,8,0,3
BRDA:61,8,1,0
BRDA:62,9,0,3
BRDA:62,9,1,0
BRDA:64,10,0,3
BRDA:64,10,1,0
BRDA:65,11,0,3
BRDA:65,11,1,0
BRDA:66,12,0,3
BRDA:66,12,1,0
BRDA:67,13,0,7
BRDA:67,13,1,0
BRDA:67,13,2,0
BRDA:69,14,0,1
BRDA:69,14,1,2
BRDA:69,15,0,7
BRDA:69,15,1,1
BRDA:70,16,0,2
BRDA:70,16,1,0
BRDA:71,17,0,2
BRDA:71,17,1,0
BRDA:75,18,0,7
BRDA:75,18,1,0
BRDA:78,19,0,7
BRDA:78,19,1,2
BRDA:79,20,0,7
BRDA:79,20,1,2
BRF:44
BRH:29
end_of_record
TN:
SF:src\services\errors\normalizeError.ts
FN:5,(anonymous_0)
FN:10,(anonymous_1)
FN:21,(anonymous_2)
FNF:3
FNH:3
FNDA:6,(anonymous_0)
FNDA:17,(anonymous_1)
FNDA:2,(anonymous_2)
DA:5,14
DA:6,6
DA:7,6
DA:10,14
DA:15,17
DA:16,9
DA:19,8
DA:20,2
DA:22,2
DA:23,2
DA:26,2
DA:35,6
DA:36,6
DA:37,0
DA:46,6
DA:47,0
DA:56,6
DA:65,0
LF:18
LH:15
BRDA:7,0,0,6
BRDA:7,0,1,6
BRDA:7,0,2,6
BRDA:13,1,0,17
BRDA:15,2,0,9
BRDA:15,2,1,8
BRDA:19,3,0,2
BRDA:19,3,1,6
BRDA:22,4,0,2
BRDA:22,4,1,0
BRDA:35,5,0,6
BRDA:35,5,1,0
BRDA:36,6,0,0
BRDA:36,6,1,6
BRDA:46,7,0,0
BRDA:46,7,1,6
BRDA:69,8,0,0
BRDA:69,8,1,0
BRF:18
BRH:12
end_of_record
TN:
SF:src\services\errors\notify.ts
FN:9,(anonymous_0)
FN:23,(anonymous_1)
FN:27,(anonymous_2)
FN:31,(anonymous_3)
FNF:4
FNH:2
FNDA:3,(anonymous_0)
FNDA:0,(anonymous_1)
FNDA:0,(anonymous_2)
FNDA:3,(anonymous_3)
DA:6,4
DA:7,4
DA:9,4
DA:10,3
DA:11,3
DA:12,3
DA:14,3
DA:15,3
DA:16,0
DA:20,3
DA:23,4
DA:24,0
DA:27,4
DA:28,0
DA:31,4
DA:32,3
DA:33,3
DA:34,3
DA:35,3
DA:36,2
LF:20
LH:17
BRDA:15,0,0,0
BRDA:15,0,1,3
BRDA:20,1,0,3
BRDA:20,1,1,2
BRDA:32,2,0,0
BRDA:32,2,1,3
BRDA:33,3,0,3
BRDA:33,3,1,0
BRDA:35,4,0,2
BRDA:35,4,1,1
BRF:10
BRH:7
end_of_record
TN:
SF:src\services\errors\reportError.ts
FN:9,(anonymous_0)
FN:13,(anonymous_1)
FN:27,(anonymous_2)
FN:42,(anonymous_3)
FN:59,(anonymous_4)
FNF:5
FNH:4
FNDA:0,(anonymous_0)
FNDA:2,(anonymous_1)
FNDA:2,(anonymous_2)
FNDA:2,(anonymous_3)
FNDA:2,(anonymous_4)
DA:7,3
DA:9,3
DA:10,0
DA:13,3
DA:14,2
DA:15,2
DA:16,2
DA:17,2
DA:18,2
DA:19,2
DA:20,2
DA:21,2
DA:23,0
DA:24,0
DA:27,3
DA:28,2
DA:29,2
DA:30,2
DA:33,0
DA:39,2
DA:42,3
DA:43,2
DA:44,0
DA:47,2
DA:48,2
DA:49,2
DA:50,2
DA:51,1
DA:53,2
DA:56,2
DA:59,3
DA:60,2
DA:61,2
DA:63,2
DA:64,0
DA:66,2
DA:67,2
DA:68,2
DA:70,0
LF:39
LH:32
BRDA:14,0,0,2
BRDA:14,0,1,0
BRDA:16,1,0,2
BRDA:16,1,1,0
BRDA:17,2,0,2
BRDA:17,2,1,0
BRDA:18,3,0,0
BRDA:18,3,1,2
BRDA:19,4,0,0
BRDA:19,4,1,2
BRDA:20,5,0,0
BRDA:20,5,1,2
BRDA:23,6,0,0
BRDA:23,6,1,0
BRDA:28,7,0,2
BRDA:28,7,1,0
BRDA:35,8,0,0
BRDA:35,8,1,0
BRDA:43,9,0,0
BRDA:43,9,1,2
BRDA:48,10,0,2
BRDA:48,10,1,0
BRDA:50,11,0,1
BRDA:50,11,1,1
BRDA:50,12,0,2
BRDA:50,12,1,2
BRDA:63,13,0,0
BRDA:63,13,1,2
BRDA:66,14,0,2
BRDA:66,14,1,0
BRDA:67,15,0,2
BRDA:67,15,1,0
BRF:32
BRH:16
end_of_record
TN:
SF:src\services\errors\source.ts
FN:4,(anonymous_0)
FN:6,(anonymous_1)
FN:14,(anonymous_2)
FNF:3
FNH:3
FNDA:4,(anonymous_0)
FNDA:2,(anonymous_1)
FNDA:2,(anonymous_2)
DA:1,4
DA:2,4
DA:4,4
DA:6,4
DA:7,2
DA:14,4
DA:18,2
DA:19,0
DA:22,2
DA:23,2
DA:24,1
DA:27,1
DA:28,1
DA:31,0
LF:14
LH:12
BRDA:16,0,0,2
BRDA:18,1,0,0
BRDA:18,1,1,2
BRDA:23,2,0,1
BRDA:23,2,1,1
BRDA:27,3,0,1
BRDA:27,3,1,0
BRF:7
BRH:5
end_of_record
